2026-03-16 08:54:44,494 [INFO] __main__ - 총 415개 종목 로드
2026-03-16 08:54:44,496 [INFO] __main__ - semon 시작
2026-03-16 08:54:44,496 [INFO] __main__ - 장 외 시간 — 대기 중
2026-03-16 08:55:44,555 [INFO] __main__ - 장 외 시간 — 대기 중
2026-03-16 08:56:44,629 [INFO] __main__ - 장 외 시간 — 대기 중
2026-03-16 08:57:44,690 [INFO] __main__ - 장 외 시간 — 대기 중
2026-03-16 08:58:44,750 [INFO] __main__ - 장 외 시간 — 대기 중
2026-03-16 08:59:44,811 [INFO] __main__ - 장 외 시간 — 대기 중
2026-03-16 09:00:44,869 [INFO] __main__ - OHLCV fetch 시작
2026-03-16 09:01:30,595 [INFO] crawler - OHLCV fetch: 415/415개 성공
2026-03-16 09:01:30,595 [INFO] __main__ - 현재가 fetch 시작
2026-03-16 09:01:34,030 [INFO] crawler - 현재가 fetch: 415/415개 성공
2026-03-16 09:01:34,031 [INFO] __main__ - 신호 계산 시작
2026-03-16 09:01:34,515 [INFO] utils - JSON 저장 완료: /home/eq/semon/docs/data/signals.json
2026-03-16 09:01:34,516 [ERROR] utils - git push 실패: No module named 'git'
2026-03-16 09:01:34,516 [INFO] __main__ - 완료 — 300초 후 재실행
2026-03-16 09:06:34,602 [INFO] __main__ - 현재가 fetch 시작
2026-03-16 09:06:38,052 [INFO] crawler - 현재가 fetch: 415/415개 성공
2026-03-16 09:06:38,053 [INFO] __main__ - 신호 계산 시작
2026-03-16 09:06:38,553 [INFO] utils - JSON 저장 완료: /home/eq/semon/docs/data/signals.json
2026-03-16 09:06:38,553 [ERROR] utils - git push 실패: No module named 'git'
2026-03-16 09:06:38,554 [INFO] __main__ - 완료 — 300초 후 재실행
